Using pre-set license
Built from '2020.2/staging' branch; Version is '2020.2.3f1 (8ff31bc5bf5b) revision 9433883'; Using compiler version '192528614'; Build Type 'Release'
OS: 'Windows 10 Pro; OS build 19044.1706; Version 2009; 64bit' Language: 'ru' Physical Memory: 16309 MB
BatchMode: 1, IsHumanControllingUs: 0, StartBugReporterOnCrash: 0, Is64bit: 1, IsPro: 0

 COMMAND LINE ARGUMENTS:
D:\Programs\Unity\2020.2.3f1\Editor\Unity.exe
-adb2
-batchMode
-noUpm
-name
AssetImportWorker1
-projectPath
D:/Programs/Unity Projects/BuildingSystem-master
-logFile
Logs/AssetImportWorker1.log
-srvPort
65241
Successfully changed project path to: D:/Programs/Unity Projects/BuildingSystem-master
D:/Programs/Unity Projects/BuildingSystem-master
Using Asset Import Pipeline V2.
Refreshing native plugins compatible for Editor in 33.21 ms, found 0 plugins.
Preloading 0 native plugins for Editor in 0.00 ms.
Initialize engine version: 2020.2.3f1 (8ff31bc5bf5b)
[Subsystems] Discovering subsystems at path D:/Programs/Unity/2020.2.3f1/Editor/Data/Resources/UnitySubsystems
[Subsystems] Discovering subsystems at path D:/Programs/Unity Projects/BuildingSystem-master/Assets
GfxDevice: creating device client; threaded=0
Direct3D:
    Version:  Direct3D 11.0 [level 11.1]
    Renderer: NVIDIA GeForce GTX 1050 Ti (ID=0x1c82)
    Vendor:   
    VRAM:     4018 MB
    Driver:   30.0.15.1165
Initialize mono
Mono path[0] = 'D:/Programs/Unity/2020.2.3f1/Editor/Data/Managed'
Mono path[1] = 'D:/Programs/Unity/2020.2.3f1/Editor/Data/MonoBleedingEdge/lib/mono/unityjit'
Mono config path = 'D:/Programs/Unity/2020.2.3f1/Editor/Data/MonoBleedingEdge/etc'
Using monoOptions --debugger-agent=transport=dt_socket,embedding=1,server=y,suspend=n,address=127.0.0.1:56808
Begin MonoManager ReloadAssembly
Registering precompiled unity dll's ...
Register platform support module: D:/Programs/Unity/2020.2.3f1/Editor/Data/PlaybackEngines/WindowsStandaloneSupport/UnityEditor.WindowsStandalone.Extensions.dll
Registered in 0.029505 seconds.
Native extension for WindowsStandalone target not found
Refreshing native plugins compatible for Editor in 20.60 ms, found 0 plugins.
Preloading 0 native plugins for Editor in 0.00 ms.
Invoked RoslynAnalysisRunner static constructor.
RoslynAnalysisRunner will not be running.
RoslynAnalysisRunner has terminated.
Mono: successfully reloaded assembly
- Completed reload, in  5.729 seconds
Platform modules already initialized, skipping
Registering precompiled user dll's ...
Registered in 0.014774 seconds.
Begin MonoManager ReloadAssembly
Native extension for WindowsStandalone target not found
Refreshing native plugins compatible for Editor in 0.19 ms, found 0 plugins.
Preloading 0 native plugins for Editor in 0.00 ms.
Invoked RoslynAnalysisRunner static constructor.
RoslynAnalysisRunner will not be running.
RoslynAnalysisRunner has terminated.
Mono: successfully reloaded assembly
- Completed reload, in  0.906 seconds
Platform modules already initialized, skipping
========================================================================
Worker process is ready to serve import requests
Launched and connected shader compiler UnityShaderCompiler.exe after 0.11 seconds
Refreshing native plugins compatible for Editor in 0.19 ms, found 0 plugins.
Preloading 0 native plugins for Editor in 0.00 ms.
Unloading 1079 Unused Serialized files (Serialized files now loaded: 0)
System memory in use before: 56.7 MB.
System memory in use after: 56.7 MB.

Unloading 9 unused Assets to reduce memory usage. Loaded Objects now: 1523.
Total: 1.418700 ms (FindLiveObjects: 0.110900 ms CreateObjectMapping: 0.027900 ms MarkObjects: 1.227000 ms  DeleteObjects: 0.052000 ms)

========================================================================
Received Import Request.
  path: Assets/Buildings/Forge.prefab
  artifactKey: Guid(b51dc38adcce824439c149fc45cbc770) Importer(815301076,1909f56bfc062723c751e8b465ee728b)
Start importing Assets/Buildings/Forge.prefab using Guid(b51dc38adcce824439c149fc45cbc770) Importer(815301076,1909f56bfc062723c751e8b465ee728b)  -> (artifact id: '2e0cd360f9b3aca8b742466457ab4ae2') in 0.334907 seconds
  Import took 0.361425 seconds .

========================================================================
Received Prepare
Registering precompiled user dll's ...
Registered in 0.000528 seconds.
Begin MonoManager ReloadAssembly
Native extension for WindowsStandalone target not found
Refreshing native plugins compatible for Editor in 0.21 ms, found 0 plugins.
Preloading 0 native plugins for Editor in 0.00 ms.
Invoked RoslynAnalysisRunner static constructor.
RoslynAnalysisRunner will not be running.
RoslynAnalysisRunner has terminated.
Mono: successfully reloaded assembly
- Completed reload, in  0.598 seconds
Platform modules already initialized, skipping
Refreshing native plugins compatible for Editor in 0.17 ms, found 0 plugins.
Preloading 0 native plugins for Editor in 0.00 ms.
Unloading 1073 Unused Serialized files (Serialized files now loaded: 0)
System memory in use before: 59.6 MB.
System memory in use after: 59.7 MB.

Unloading 4 unused Assets to reduce memory usage. Loaded Objects now: 1532.
Total: 1.261100 ms (FindLiveObjects: 0.104700 ms CreateObjectMapping: 0.024000 ms MarkObjects: 1.120800 ms  DeleteObjects: 0.010900 ms)

========================================================================
Received Import Request.
  Time since last request: 21.659375 seconds.
  path: Assets/Buildings/Sawmill.prefab
  artifactKey: Guid(e3943100e823eb4419cf9046107aad28) Importer(815301076,1909f56bfc062723c751e8b465ee728b)
Start importing Assets/Buildings/Sawmill.prefab using Guid(e3943100e823eb4419cf9046107aad28) Importer(815301076,1909f56bfc062723c751e8b465ee728b)  -> (artifact id: 'eca9e4d21921b0c1e1cba49b98528cd2') in 0.101297 seconds
  Import took 0.103062 seconds .

========================================================================
Received Import Request.
  Time since last request: 2.592041 seconds.
  path: Assets/Buildings/Sawmill.prefab
  artifactKey: Guid(e3943100e823eb4419cf9046107aad28) Importer(815301076,1909f56bfc062723c751e8b465ee728b)
Start importing Assets/Buildings/Sawmill.prefab using Guid(e3943100e823eb4419cf9046107aad28) Importer(815301076,1909f56bfc062723c751e8b465ee728b)  -> (artifact id: 'a5891617c8eb723fbe02203262bc1196') in 0.037201 seconds
  Import took 0.039016 seconds .

========================================================================
Received Import Request.
  Time since last request: 5.765534 seconds.
  path: Assets/Buildings/Tower.prefab
  artifactKey: Guid(13840cb43b76ecc45ab55710c5914908) Importer(815301076,1909f56bfc062723c751e8b465ee728b)
Start importing Assets/Buildings/Tower.prefab using Guid(13840cb43b76ecc45ab55710c5914908) Importer(815301076,1909f56bfc062723c751e8b465ee728b)  -> (artifact id: 'f7b777b0caed718cee7aa2407c8df03b') in 0.073649 seconds
  Import took 0.075369 seconds .

========================================================================
Received Import Request.
  Time since last request: 2.521484 seconds.
  path: Assets/Buildings/Tower.prefab
  artifactKey: Guid(13840cb43b76ecc45ab55710c5914908) Importer(815301076,1909f56bfc062723c751e8b465ee728b)
Start importing Assets/Buildings/Tower.prefab using Guid(13840cb43b76ecc45ab55710c5914908) Importer(815301076,1909f56bfc062723c751e8b465ee728b)  -> (artifact id: 'e6217cb9340b0382f8e19d0d4850eaeb') in 0.010179 seconds
  Import took 0.011876 seconds .

========================================================================
Received Import Request.
  Time since last request: 8.229503 seconds.
  path: Assets/Buildings/TownHall.prefab
  artifactKey: Guid(c5c2b378e55a2a14b8f876d61ed01cd6) Importer(815301076,1909f56bfc062723c751e8b465ee728b)
Start importing Assets/Buildings/TownHall.prefab using Guid(c5c2b378e55a2a14b8f876d61ed01cd6) Importer(815301076,1909f56bfc062723c751e8b465ee728b)  -> (artifact id: '61902b323efcb54d4e774fbb6fcd1134') in 0.050431 seconds
  Import took 0.052098 seconds .

========================================================================
Received Import Request.
  Time since last request: 2.009689 seconds.
  path: Assets/Buildings/TownHall.prefab
  artifactKey: Guid(c5c2b378e55a2a14b8f876d61ed01cd6) Importer(815301076,1909f56bfc062723c751e8b465ee728b)
Start importing Assets/Buildings/TownHall.prefab using Guid(c5c2b378e55a2a14b8f876d61ed01cd6) Importer(815301076,1909f56bfc062723c751e8b465ee728b)  -> (artifact id: '928820d1cecf9dcaf0ec2e8be6afbeb4') in 0.015159 seconds
  Import took 0.046621 seconds .

========================================================================
Received Import Request.
  Time since last request: 23.054371 seconds.
  path: Assets/Buildings/Tower.prefab
  artifactKey: Guid(13840cb43b76ecc45ab55710c5914908) Importer(815301076,1909f56bfc062723c751e8b465ee728b)
Start importing Assets/Buildings/Tower.prefab using Guid(13840cb43b76ecc45ab55710c5914908) Importer(815301076,1909f56bfc062723c751e8b465ee728b)  -> (artifact id: 'f5c07e0ae1875ab9b9529b5dccb1bf6f') in 0.014182 seconds
  Import took 0.015934 seconds .

========================================================================
Received Import Request.
  Time since last request: 2.674602 seconds.
  path: Assets/Buildings/Forge.prefab
  artifactKey: Guid(b51dc38adcce824439c149fc45cbc770) Importer(815301076,1909f56bfc062723c751e8b465ee728b)
Start importing Assets/Buildings/Forge.prefab using Guid(b51dc38adcce824439c149fc45cbc770) Importer(815301076,1909f56bfc062723c751e8b465ee728b)  -> (artifact id: '1a5f1763aa25b1cdd54da1a7400c4f15') in 0.010229 seconds
  Import took 0.012268 seconds .

========================================================================
Received Import Request.
  Time since last request: 3.075530 seconds.
  path: Assets/Buildings/Tower.prefab
  artifactKey: Guid(13840cb43b76ecc45ab55710c5914908) Importer(815301076,1909f56bfc062723c751e8b465ee728b)
Start importing Assets/Buildings/Tower.prefab using Guid(13840cb43b76ecc45ab55710c5914908) Importer(815301076,1909f56bfc062723c751e8b465ee728b)  -> (artifact id: 'e1a04e9d92c73a7b0be3c4d2985c67bc') in 0.017240 seconds
  Import took 0.018936 seconds .

========================================================================
Received Prepare
Registering precompiled user dll's ...
Registered in 0.000526 seconds.
Begin MonoManager ReloadAssembly
Native extension for WindowsStandalone target not found
Refreshing native plugins compatible for Editor in 0.19 ms, found 0 plugins.
Preloading 0 native plugins for Editor in 0.00 ms.
Invoked RoslynAnalysisRunner static constructor.
RoslynAnalysisRunner will not be running.
RoslynAnalysisRunner has terminated.
Mono: successfully reloaded assembly
- Completed reload, in  0.597 seconds
Platform modules already initialized, skipping
Refreshing native plugins compatible for Editor in 0.18 ms, found 0 plugins.
Preloading 0 native plugins for Editor in 0.00 ms.
Unloading 1073 Unused Serialized files (Serialized files now loaded: 0)
System memory in use before: 59.7 MB.
System memory in use after: 59.8 MB.

Unloading 4 unused Assets to reduce memory usage. Loaded Objects now: 1535.
Total: 1.221000 ms (FindLiveObjects: 0.105200 ms CreateObjectMapping: 0.024200 ms MarkObjects: 1.079600 ms  DeleteObjects: 0.011200 ms)

========================================================================
Received Prepare
Registering precompiled user dll's ...
Registered in 0.000423 seconds.
Begin MonoManager ReloadAssembly
Native extension for WindowsStandalone target not found
Refreshing native plugins compatible for Editor in 0.18 ms, found 0 plugins.
Preloading 0 native plugins for Editor in 0.00 ms.
Invoked RoslynAnalysisRunner static constructor.
RoslynAnalysisRunner will not be running.
RoslynAnalysisRunner has terminated.
Mono: successfully reloaded assembly
- Completed reload, in  0.582 seconds
Platform modules already initialized, skipping
Refreshing native plugins compatible for Editor in 0.20 ms, found 0 plugins.
Preloading 0 native plugins for Editor in 0.00 ms.
Unloading 1073 Unused Serialized files (Serialized files now loaded: 0)
System memory in use before: 59.7 MB.
System memory in use after: 59.8 MB.

Unloading 4 unused Assets to reduce memory usage. Loaded Objects now: 1537.
Total: 1.256700 ms (FindLiveObjects: 0.131300 ms CreateObjectMapping: 0.030500 ms MarkObjects: 1.083300 ms  DeleteObjects: 0.010800 ms)

========================================================================
Received Prepare
Registering precompiled user dll's ...
Registered in 0.000503 seconds.
Begin MonoManager ReloadAssembly
Native extension for WindowsStandalone target not found
Refreshing native plugins compatible for Editor in 0.20 ms, found 0 plugins.
Preloading 0 native plugins for Editor in 0.00 ms.
Invoked RoslynAnalysisRunner static constructor.
RoslynAnalysisRunner will not be running.
RoslynAnalysisRunner has terminated.
Mono: successfully reloaded assembly
- Completed reload, in  0.591 seconds
Platform modules already initialized, skipping
Refreshing native plugins compatible for Editor in 0.18 ms, found 0 plugins.
Preloading 0 native plugins for Editor in 0.00 ms.
Unloading 1073 Unused Serialized files (Serialized files now loaded: 0)
System memory in use before: 59.8 MB.
System memory in use after: 59.9 MB.

Unloading 4 unused Assets to reduce memory usage. Loaded Objects now: 1539.
Total: 1.259300 ms (FindLiveObjects: 0.125900 ms CreateObjectMapping: 0.025100 ms MarkObjects: 1.095500 ms  DeleteObjects: 0.011900 ms)

AssetImportWorkerClient::OnTransportError - code=2 error=End of file
